FastTree Version 2.1.11 Double precision (No SSE3)
Alignment: P53.alg.clean.alg.faa
Amino acid distances: BLOSUM45 Joins: balanced Support: SH-like 1000
Search: Normal +NNI +SPR (2 rounds range 10) +ML-NNI opt-each=1
TopHits: 1.00*sqrtN close=default refresh=0.80
ML Model: Jones-Taylor-Thorton, CAT approximation with 20 rate categories
Initial topology in 0.00 seconds
Refining topology: 12 rounds ME-NNIs, 2 rounds ME-SPRs, 6 rounds ML-NNIs
Total branch-length 0.414 after 0.01 sec
ML-NNI round 1: LogLk = -2058.313 NNIs 1 max delta 0.33 Time 0.10
      0.10 seconds: Site likelihoods with rate category 1 of 20
Switched to using 20 rate categories (CAT approximation)
Rate categories were divided by 0.718 so that average rate = 1.0
CAT-based log-likelihoods may not be comparable across runs
Use -gamma for approximate but comparable Gamma(20) log-likelihoods
ML-NNI round 2: LogLk = -2003.552 NNIs 0 max delta 0.00 Time 0.18
Turning off heuristics for final round of ML NNIs (converged)
ML-NNI round 3: LogLk = -2003.536 NNIs 0 max delta 0.00 Time 0.23 (final)
      0.23 seconds: ML Lengths 1 of 6 splits
Optimize all lengths: LogLk = -2003.536 Time 0.25
Total time: 0.31 seconds Unique: 8/8 Bad splits: 0/5
